Name            Stmts   Miss Branch BrPart  Cover   Missing
-----------------------------------------------------------
auth.py            56      2     20      2    95%   35, 59
exceptions.py       8      0      0      0   100%
main.py           248     27     86     12    88%   18, 26, 34, 42-43, 51-54, 74->exit, 124, 182, 202, 241-242, 260, 279-284, 288-289, 316, 322, 355->exit, 378-379, 385-388
managers.py       201     12     74      6    93%   259-260, 263-264, 310, 322, 326, 363-365, 378, 384
models.py         184     16     62     12    89%   45, 55, 57, 75, 83-84, 86-87, 113, 124, 215, 244, 278, 318-319, 330
security.py        18      0      0      0   100%
storage.py         66     12     10      1    80%   29, 35-36, 52-58, 89-90
-----------------------------------------------------------
TOTAL             781     69    252     33    90%
